*************************************************************
*************************************************************
You have loaded a module for Anaconda Free edition.
These modules are DEPRECATED for license reasons (see below).
*************************************************************
*************************************************************

The Anaconda Python distribution license terms were updated on
March 31, 2024 in a way that we interpret as restricting also
general noncommercial use of Anaconda "Free edition" in organizations
with more than 200 employees.

To help users avoid possible licensing issues, we have deprecated
the Anaconda/<version> modules and now direct users to the
compatible community-provided software in our modules named:

  Mambaforge/<version>

These modules behave very similar to the Anaconda modules. Upon
loading the module, you can access the 'conda' command, allowing
you to interact with your existing Anaconda environments like before.
**You do not need to rebuild your existing Anaconda environments**.

One practical difference is that the Mambaforge tools are configured
to only use the "conda-forge" channel for packages by default. However,
this is rarely a problem for typical use.

For questions related to our Anaconda and Mambaforge modules,
please email: berzelius-support@nsc.liu.se

---------------------------------------------------------------------------------------------------
NOTE: We strongly advice against placing 'conda activate' (with or without
arguments)
      in your shell initialization files, (e.g. '.bashrc' or '.bash_profile')
since this
      severly alters the environment for running software in ways that cause
unpredictable
      issues that can be difficult to diagnose.
---------------------------------------------------------------------------------------------------

wandb: Currently logged in as: shutong-jin1999. Use `wandb login --relogin` to force relogin
wandb: wandb version 0.18.5 is available!  To upgrade, please run:
wandb:  $ pip install wandb --upgrade
wandb: Tracking run with wandb version 0.13.4
wandb: Run data is saved locally in /home/x_shuji/moco/wandb/run-20241023_094301-zxsebnlz
wandb: Run `wandb offline` to turn off syncing.
wandb: Syncing run v2_resnet50_0003_1M
wandb: ⭐️ View project at https://wandb.ai/shutong-jin1999/moco_pretraining
wandb: 🚀 View run at https://wandb.ai/shutong-jin1999/moco_pretraining/runs/zxsebnlz
wandb: Network error (ReadTimeout), entering retry loop.
