*************************************************************
*************************************************************
You have loaded a module for Anaconda Free edition.
These modules are DEPRECATED for license reasons (see below).
*************************************************************
*************************************************************

The Anaconda Python distribution license terms were updated on
March 31, 2024 in a way that we interpret as restricting also
general noncommercial use of Anaconda "Free edition" in organizations
with more than 200 employees.

To help users avoid possible licensing issues, we have deprecated
the Anaconda/<version> modules and now direct users to the
compatible community-provided software in our modules named:

  Mambaforge/<version>

These modules behave very similar to the Anaconda modules. Upon
loading the module, you can access the 'conda' command, allowing
you to interact with your existing Anaconda environments like before.
**You do not need to rebuild your existing Anaconda environments**.

One practical difference is that the Mambaforge tools are configured
to only use the "conda-forge" channel for packages by default. However,
this is rarely a problem for typical use.

For questions related to our Anaconda and Mambaforge modules,
please email: berzelius-support@nsc.liu.se

---------------------------------------------------------------------------------------------------
NOTE: We strongly advice against placing 'conda activate' (with or without
arguments)
      in your shell initialization files, (e.g. '.bashrc' or '.bash_profile')
since this
      severly alters the environment for running software in ways that cause
unpredictable
      issues that can be difficult to diagnose.
---------------------------------------------------------------------------------------------------

wandb: Currently logged in as: shutong-jin1999. Use `wandb login --relogin` to force relogin
wandb: wandb version 0.18.3 is available!  To upgrade, please run:
wandb:  $ pip install wandb --upgrade
wandb: Tracking run with wandb version 0.13.4
wandb: Run data is saved locally in /home/x_shuji/moco/wandb/run-20241010_163440-qq9jx8vi
wandb: Run `wandb offline` to turn off syncing.
wandb: Syncing run v2_resnet50_003_1M
wandb: ⭐️ View project at https://wandb.ai/shutong-jin1999/moco_pretraining
wandb: 🚀 View run at https://wandb.ai/shutong-jin1999/moco_pretraining/runs/qq9jx8vi
terminate called without an active exception
terminate called without an active exception
terminate called without an active exception
terminate called without an active exception
terminate called without an active exception
terminate called without an active exception
terminate called without an active exception
terminate called without an active exception
terminate called without an active exception
terminate called without an active exception
terminate called without an active exception
terminate called without an active exception
terminate called without an active exception
terminate called without an active exception
terminate called without an active exception
terminate called without an active exception
Exception ignored in: <function _MultiProcessingDataLoaderIter.__del__ at 0x149e7f2fcdc0>
Traceback (most recent call last):
  File "/home/x_shuji/.conda/envs/data4robotics/lib/python3.9/site-packages/torch/utils/data/dataloader.py", line 1479, in __del__
    self._shutdown_workers()
  File "/home/x_shuji/.conda/envs/data4robotics/lib/python3.9/site-packages/torch/utils/data/dataloader.py", line 1443, in _shutdown_workers
    w.join(timeout=_utils.MP_STATUS_CHECK_INTERVAL)
  File "/home/x_shuji/.conda/envs/data4robotics/lib/python3.9/multiprocessing/process.py", line 149, in join
    res = self._popen.wait(timeout)
  File "/home/x_shuji/.conda/envs/data4robotics/lib/python3.9/multiprocessing/popen_fork.py", line 40, in wait
    if not wait([self.sentinel], timeout):
  File "/home/x_shuji/.conda/envs/data4robotics/lib/python3.9/multiprocessing/connection.py", line 931, in wait
    ready = selector.select(timeout)
  File "/home/x_shuji/.conda/envs/data4robotics/lib/python3.9/selectors.py", line 416, in select
    fd_event_list = self._selector.poll(timeout)
  File "/home/x_shuji/.conda/envs/data4robotics/lib/python3.9/site-packages/torch/utils/data/_utils/signal_handling.py", line 66, in handler
    _error_if_any_worker_fails()
RuntimeError: DataLoader worker (pid 3916145) is killed by signal: Aborted. 
Exception ignored in: <function _MultiProcessingDataLoaderIter.__del__ at 0x146d3b22fdc0>
Traceback (most recent call last):
  File "/home/x_shuji/.conda/envs/data4robotics/lib/python3.9/site-packages/torch/utils/data/dataloader.py", line 1479, in __del__
    self._shutdown_workers()
  File "/home/x_shuji/.conda/envs/data4robotics/lib/python3.9/site-packages/torch/utils/data/dataloader.py", line 1443, in _shutdown_workers
    w.join(timeout=_utils.MP_STATUS_CHECK_INTERVAL)
  File "/home/x_shuji/.conda/envs/data4robotics/lib/python3.9/multiprocessing/process.py", line 149, in join
    res = self._popen.wait(timeout)
  File "/home/x_shuji/.conda/envs/data4robotics/lib/python3.9/multiprocessing/popen_fork.py", line 40, in wait
    if not wait([self.sentinel], timeout):
  File "/home/x_shuji/.conda/envs/data4robotics/lib/python3.9/multiprocessing/connection.py", line 931, in wait
    ready = selector.select(timeout)
  File "/home/x_shuji/.conda/envs/data4robotics/lib/python3.9/selectors.py", line 416, in select
    fd_event_list = self._selector.poll(timeout)
  File "/home/x_shuji/.conda/envs/data4robotics/lib/python3.9/site-packages/torch/utils/data/_utils/signal_handling.py", line 66, in handler
    _error_if_any_worker_fails()
RuntimeError: DataLoader worker (pid 3918376) is killed by signal: Aborted. 
terminate called without an active exception
terminate called without an active exception
Exception ignored in: <function _MultiProcessingDataLoaderIter.__del__ at 0x149cac93cdc0>
Traceback (most recent call last):
  File "/home/x_shuji/.conda/envs/data4robotics/lib/python3.9/site-packages/torch/utils/data/dataloader.py", line 1479, in __del__
    self._shutdown_workers()
  File "/home/x_shuji/.conda/envs/data4robotics/lib/python3.9/site-packages/torch/utils/data/dataloader.py", line 1443, in _shutdown_workers
    w.join(timeout=_utils.MP_STATUS_CHECK_INTERVAL)
  File "/home/x_shuji/.conda/envs/data4robotics/lib/python3.9/multiprocessing/process.py", line 149, in join
    res = self._popen.wait(timeout)
  File "/home/x_shuji/.conda/envs/data4robotics/lib/python3.9/multiprocessing/popen_fork.py", line 40, in wait
    if not wait([self.sentinel], timeout):
  File "/home/x_shuji/.conda/envs/data4robotics/lib/python3.9/multiprocessing/connection.py", line 931, in wait
    ready = selector.select(timeout)
  File "/home/x_shuji/.conda/envs/data4robotics/lib/python3.9/selectors.py", line 416, in select
    fd_event_list = self._selector.poll(timeout)
  File "/home/x_shuji/.conda/envs/data4robotics/lib/python3.9/site-packages/torch/utils/data/_utils/signal_handling.py", line 66, in handler
    _error_if_any_worker_fails()
RuntimeError: DataLoader worker (pid 3916978) is killed by signal: Aborted. 
Exception ignored in: <function _MultiProcessingDataLoaderIter.__del__ at 0x14bfd5ff7dc0>
Traceback (most recent call last):
  File "/home/x_shuji/.conda/envs/data4robotics/lib/python3.9/site-packages/torch/utils/data/dataloader.py", line 1479, in __del__
    self._shutdown_workers()
  File "/home/x_shuji/.conda/envs/data4robotics/lib/python3.9/site-packages/torch/utils/data/dataloader.py", line 1443, in _shutdown_workers
    w.join(timeout=_utils.MP_STATUS_CHECK_INTERVAL)
  File "/home/x_shuji/.conda/envs/data4robotics/lib/python3.9/multiprocessing/process.py", line 149, in join
    res = self._popen.wait(timeout)
  File "/home/x_shuji/.conda/envs/data4robotics/lib/python3.9/multiprocessing/popen_fork.py", line 40, in wait
    if not wait([self.sentinel], timeout):
  File "/home/x_shuji/.conda/envs/data4robotics/lib/python3.9/multiprocessing/connection.py", line 931, in wait
    ready = selector.select(timeout)
  File "/home/x_shuji/.conda/envs/data4robotics/lib/python3.9/selectors.py", line 416, in select
    fd_event_list = self._selector.poll(timeout)
  File "/home/x_shuji/.conda/envs/data4robotics/lib/python3.9/site-packages/torch/utils/data/_utils/signal_handling.py", line 66, in handler
    _error_if_any_worker_fails()
RuntimeError: DataLoader worker (pid 3916144) is killed by signal: Aborted. 
Exception ignored in: <function _MultiProcessingDataLoaderIter.__del__ at 0x1487533afdc0>
Traceback (most recent call last):
  File "/home/x_shuji/.conda/envs/data4robotics/lib/python3.9/site-packages/torch/utils/data/dataloader.py", line 1479, in __del__
    self._shutdown_workers()
  File "/home/x_shuji/.conda/envs/data4robotics/lib/python3.9/site-packages/torch/utils/data/dataloader.py", line 1443, in _shutdown_workers
    w.join(timeout=_utils.MP_STATUS_CHECK_INTERVAL)
  File "/home/x_shuji/.conda/envs/data4robotics/lib/python3.9/multiprocessing/process.py", line 149, in join
    res = self._popen.wait(timeout)
  File "/home/x_shuji/.conda/envs/data4robotics/lib/python3.9/multiprocessing/popen_fork.py", line 40, in wait
    if not wait([self.sentinel], timeout):
  File "/home/x_shuji/.conda/envs/data4robotics/lib/python3.9/multiprocessing/connection.py", line 931, in wait
    ready = selector.select(timeout)
  File "/home/x_shuji/.conda/envs/data4robotics/lib/python3.9/selectors.py", line 416, in select
    fd_event_list = self._selector.poll(timeout)
  File "/home/x_shuji/.conda/envs/data4robotics/lib/python3.9/site-packages/torch/utils/data/_utils/signal_handling.py", line 66, in handler
    _error_if_any_worker_fails()
RuntimeError: DataLoader worker (pid 3917990) is killed by signal: Aborted. 
terminate called without an active exception
Exception ignored in: <function _MultiProcessingDataLoaderIter.__del__ at 0x14ab5323bdc0>
Traceback (most recent call last):
  File "/home/x_shuji/.conda/envs/data4robotics/lib/python3.9/site-packages/torch/utils/data/dataloader.py", line 1479, in __del__
    self._shutdown_workers()
  File "/home/x_shuji/.conda/envs/data4robotics/lib/python3.9/site-packages/torch/utils/data/dataloader.py", line 1443, in _shutdown_workers
    w.join(timeout=_utils.MP_STATUS_CHECK_INTERVAL)
  File "/home/x_shuji/.conda/envs/data4robotics/lib/python3.9/multiprocessing/process.py", line 149, in join
    res = self._popen.wait(timeout)
  File "/home/x_shuji/.conda/envs/data4robotics/lib/python3.9/multiprocessing/popen_fork.py", line 40, in wait
    if not wait([self.sentinel], timeout):
  File "/home/x_shuji/.conda/envs/data4robotics/lib/python3.9/multiprocessing/connection.py", line 931, in wait
    ready = selector.select(timeout)
  File "/home/x_shuji/.conda/envs/data4robotics/lib/python3.9/selectors.py", line 416, in select
    fd_event_list = self._selector.poll(timeout)
  File "/home/x_shuji/.conda/envs/data4robotics/lib/python3.9/site-packages/torch/utils/data/_utils/signal_handling.py", line 66, in handler
    _error_if_any_worker_fails()
RuntimeError: DataLoader worker (pid 3917106) is killed by signal: Aborted. 
terminate called without an active exception
Exception ignored in: <function _MultiProcessingDataLoaderIter.__del__ at 0x14a4ec017dc0>
Traceback (most recent call last):
  File "/home/x_shuji/.conda/envs/data4robotics/lib/python3.9/site-packages/torch/utils/data/dataloader.py", line 1479, in __del__
    self._shutdown_workers()
  File "/home/x_shuji/.conda/envs/data4robotics/lib/python3.9/site-packages/torch/utils/data/dataloader.py", line 1443, in _shutdown_workers
    w.join(timeout=_utils.MP_STATUS_CHECK_INTERVAL)
  File "/home/x_shuji/.conda/envs/data4robotics/lib/python3.9/multiprocessing/process.py", line 149, in join
    res = self._popen.wait(timeout)
  File "/home/x_shuji/.conda/envs/data4robotics/lib/python3.9/multiprocessing/popen_fork.py", line 40, in wait
    if not wait([self.sentinel], timeout):
  File "/home/x_shuji/.conda/envs/data4robotics/lib/python3.9/multiprocessing/connection.py", line 931, in wait
    ready = selector.select(timeout)
  File "/home/x_shuji/.conda/envs/data4robotics/lib/python3.9/selectors.py", line 416, in select
    fd_event_list = self._selector.poll(timeout)
  File "/home/x_shuji/.conda/envs/data4robotics/lib/python3.9/site-packages/torch/utils/data/_utils/signal_handling.py", line 66, in handler
    _error_if_any_worker_fails()
RuntimeError: DataLoader worker (pid 3918182) is killed by signal: Aborted. 
wandb: Waiting for W&B process to finish... (failed 1). Press Control-C to abort syncing.
Exception ignored in: <function _MultiProcessingDataLoaderIter.__del__ at 0x147329247dc0>
Traceback (most recent call last):
  File "/home/x_shuji/.conda/envs/data4robotics/lib/python3.9/site-packages/torch/utils/data/dataloader.py", line 1479, in __del__
    self._shutdown_workers()
  File "/home/x_shuji/.conda/envs/data4robotics/lib/python3.9/site-packages/torch/utils/data/dataloader.py", line 1443, in _shutdown_workers
    w.join(timeout=_utils.MP_STATUS_CHECK_INTERVAL)
  File "/home/x_shuji/.conda/envs/data4robotics/lib/python3.9/multiprocessing/process.py", line 149, in join
    res = self._popen.wait(timeout)
  File "/home/x_shuji/.conda/envs/data4robotics/lib/python3.9/multiprocessing/popen_fork.py", line 40, in wait
    if not wait([self.sentinel], timeout):
  File "/home/x_shuji/.conda/envs/data4robotics/lib/python3.9/multiprocessing/connection.py", line 931, in wait
    ready = selector.select(timeout)
  File "/home/x_shuji/.conda/envs/data4robotics/lib/python3.9/selectors.py", line 416, in select
    fd_event_list = self._selector.poll(timeout)
  File "/home/x_shuji/.conda/envs/data4robotics/lib/python3.9/site-packages/torch/utils/data/_utils/signal_handling.py", line 66, in handler
    _error_if_any_worker_fails()
RuntimeError: DataLoader worker (pid 3918119) is killed by signal: Aborted. 
Traceback (most recent call last):
  File "/home/x_shuji/moco/main_moco.py", line 594, in <module>
    main()
  File "/home/x_shuji/moco/main_moco.py", line 221, in main
    mp.spawn(main_worker, nprocs=ngpus_per_node, args=(ngpus_per_node, args))
  File "/home/x_shuji/.conda/envs/data4robotics/lib/python3.9/site-packages/torch/multiprocessing/spawn.py", line 239, in spawn
    return start_processes(fn, args, nprocs, join, daemon, start_method='spawn')
  File "/home/x_shuji/.conda/envs/data4robotics/lib/python3.9/site-packages/torch/multiprocessing/spawn.py", line 197, in start_processes
    while not context.join():
  File "/home/x_shuji/.conda/envs/data4robotics/lib/python3.9/site-packages/torch/multiprocessing/spawn.py", line 160, in join
    raise ProcessRaisedException(msg, error_index, failed_process.pid)
torch.multiprocessing.spawn.ProcessRaisedException: 

-- Process 5 terminated with the following error:
Traceback (most recent call last):
  File "/home/x_shuji/.conda/envs/data4robotics/lib/python3.9/site-packages/torch/multiprocessing/spawn.py", line 69, in _wrap
    fn(i, *args)
  File "/home/x_shuji/moco/main_moco.py", line 402, in main_worker
    train(train_loader, model, criterion, optimizer, epoch, args)
  File "/home/x_shuji/moco/main_moco.py", line 498, in train
    acc1, acc5 = accuracy(output, target, topk=(1, 5))
  File "/home/x_shuji/moco/main_moco.py", line 588, in accuracy
    correct_k = correct[:k].view(-1).float().sum(0, keepdim=True)
RuntimeError: view size is not compatible with input tensor's size and stride (at least one dimension spans across two contiguous subspaces). Use .reshape(...) instead.

